<?xml version="1.0" encoding="UTF-8"?>
<!-- Generated by org.testng.reporters.JUnitXMLReporter -->
<testsuite ignored="8" hostname="LAPTOP-STP14Q1E" failures="0" tests="3" name="Regression" time="0.082" errors="0" timestamp="2024-08-19T18:45:19 IST">
  <testcase classname="test.Day2" name="personalLoan" time="0.02"/>
  <testcase classname="test.Day3" name="mobileLogincarLoan" time="0.001"/>
  <testcase classname="test.Day4" name="mobileLoginHomeLoan" time="0.002"/>
  <testcase classname="test.Day3" name="weblogincarLoan" time="0.0">
    <ignored/>
  </testcase> <!-- weblogincarLoan -->
  <testcase classname="test.Day1" name="Demo" time="0.0">
    <ignored/>
  </testcase> <!-- Demo -->
  <testcase classname="test.Day1" name="Test1" time="0.0">
    <ignored/>
  </testcase> <!-- Test1 -->
  <testcase classname="test.Day4" name="webloginHomeLoan" time="0.0">
    <ignored/>
  </testcase> <!-- webloginHomeLoan -->
  <testcase classname="test.Day4" name="LoginAPIHomeLoan" time="0.0">
    <ignored/>
  </testcase> <!-- LoginAPIHomeLoan -->
  <testcase classname="test.Day3" name="mobileSignINcarLoan" time="0.0">
    <ignored/>
  </testcase> <!-- mobileSignINcarLoan -->
  <testcase classname="test.Day3" name="mobileSignOUTcarLoan" time="0.0">
    <ignored/>
  </testcase> <!-- mobileSignOUTcarLoan -->
  <testcase classname="test.Day3" name="APILoginCarLoan" time="0.0">
    <ignored/>
  </testcase> <!-- APILoginCarLoan -->
</testsuite> <!-- Regression -->
