<?xml version="1.0" encoding="UTF-8"?>
<!-- Generated by org.testng.reporters.JUnitXMLReporter -->
<testsuite ignored="1" hostname="LAPTOP-STP14Q1E" failures="0" tests="6" name="Car loan" time="0.092" errors="0" timestamp="2024-08-20T18:46:21 IST">
  <testcase classname="test.Day3" name="mobileLogincarLoan" time="0.011"/>
  <testcase classname="test.Day3" name="mobileSignINcarLoan" time="0.003"/>
  <testcase classname="test.Day3" name="mobileSignOUTcarLoan" time="0.008"/>
  <testcase classname="test.Day3" name="mobileSignOUTcarLoan" time="0.002"/>
  <testcase classname="test.Day3" name="mobileSignOUTcarLoan" time="0.002"/>
  <testcase classname="test.Day3" name="weblogincarLoan" time="0.002"/>
  <testcase classname="test.Day3" name="APILoginCarLoan" time="0.0">
    <ignored/>
  </testcase> <!-- APILoginCarLoan -->
</testsuite> <!-- Car loan -->
