<?xml version="1.0" encoding="UTF-8"?>
<!-- Generated by org.testng.reporters.JUnitXMLReporter -->
<testsuite ignored="0" hostname="LAPTOP-STP14Q1E" failures="0" tests="11" name="Ploan" time="0.092" errors="0" timestamp="2024-08-19T17:45:31 IST">
  <testcase classname="test.Day1" name="Demo" time="0.009"/>
  <testcase classname="test.Day1" name="Test1" time="0.002"/>
  <testcase classname="test.Day2" name="personalLoan" time="0.001"/>
  <testcase classname="test.Day3" name="APILoginCarLoan" time="0.002"/>
  <testcase classname="test.Day3" name="mobileLogincarLoan" time="0.001"/>
  <testcase classname="test.Day3" name="mobileSignINcarLoan" time="0.001"/>
  <testcase classname="test.Day3" name="mobileSignOUTcarLoan" time="0.002"/>
  <testcase classname="test.Day3" name="weblogincarLoan" time="0.001"/>
  <testcase classname="test.Day4" name="LoginAPIHomeLoan" time="0.002"/>
  <testcase classname="test.Day4" name="mobileLoginHomeLoan" time="0.002"/>
  <testcase classname="test.Day4" name="webloginHomeLoan" time="0.002"/>
</testsuite> <!-- Ploan -->
