<?xml version="1.0" encoding="UTF-8"?>
<!-- Generated by org.testng.reporters.JUnitXMLReporter -->
<testsuite ignored="1" hostname="LAPTOP-STP14Q1E" failures="0" tests="5" name="test" time="0.116" errors="0" timestamp="2024-08-20T18:36:56 IST">
  <testcase classname="test.Day1" name="Test1" time="0.021"/>
  <testcase classname="test.Day2" name="personalLoan" time="0.003"/>
  <testcase classname="test.Day4" name="LoginAPIHomeLoan" time="0.003"/>
  <testcase classname="test.Day4" name="mobileLoginHomeLoan" time="0.002"/>
  <testcase classname="test.Day4" name="webloginHomeLoan" time="0.005"/>
  <testcase classname="test.Day1" name="Demo" time="0.0">
    <ignored/>
  </testcase> <!-- Demo -->
</testsuite> <!-- test -->
