<?xml version="1.0" encoding="UTF-8"?>
<testng-results ignored="2" total="13" passed="10" failed="1" skipped="0">
  <reporter-output>
  </reporter-output>
  <suite started-at="2024-08-20T18:46:21 IST" name="Loan Department" finished-at="2024-08-20T18:46:21 IST" duration-ms="92">
    <groups>
      <group name="Smoke">
        <method signature="Day2.personalLoan()[pri:0, instance:test.Day2@1de5f259]" name="personalLoan" class="test.Day2"/>
        <method signature="Day4.mobileLoginHomeLoan()[pri:0, instance:test.Day4@729d991e]" name="mobileLoginHomeLoan" class="test.Day4"/>
        <method signature="Day3.mobileLogincarLoan()[pri:0, instance:test.Day3@1a942c18]" name="mobileLogincarLoan" class="test.Day3"/>
      </group> <!-- Smoke -->
    </groups>
    <test started-at="2024-08-20T18:46:21 IST" name="Car loan" finished-at="2024-08-20T18:46:21 IST" duration-ms="92">
      <class name="test.Day1">
        <test-method is-config="true" signature="afsuite()[pri:0, instance:test.Day1@194bcebf]" started-at="2024-08-20T18:46:21 IST" name="afsuite" finished-at="2024-08-20T18:46:21 IST" duration-ms="1" status="PASS">
          <reporter-output>
          </reporter-output>
        </test-method> <!-- afsuite -->
      </class> <!-- test.Day1 -->
      <class name="test.Day3">
        <test-method is-config="true" signature="bfSuite()[pri:0, instance:test.Day3@1a942c18]" started-at="2024-08-20T18:46:21 IST" name="bfSuite" finished-at="2024-08-20T18:46:21 IST" duration-ms="8" status="PASS">
          <reporter-output>
          </reporter-output>
        </test-method> <!-- bfSuite -->
        <test-method is-config="true" signature="beforeClass()[pri:0, instance:test.Day3@1a942c18]" started-at="2024-08-20T18:46:21 IST" name="beforeClass" finished-at="2024-08-20T18:46:21 IST" duration-ms="1" status="PASS">
          <reporter-output>
          </reporter-output>
        </test-method> <!-- beforeClass -->
        <test-method is-config="true" signature="beforeMethod()[pri:0, instance:test.Day3@1a942c18]" started-at="2024-08-20T18:46:21 IST" name="beforeMethod" finished-at="2024-08-20T18:46:21 IST" duration-ms="0" status="PASS">
          <reporter-output>
          </reporter-output>
        </test-method> <!-- beforeMethod -->
        <test-method signature="mobileLogincarLoan()[pri:0, instance:test.Day3@1a942c18]" started-at="2024-08-20T18:46:21 IST" name="mobileLogincarLoan" finished-at="2024-08-20T18:46:21 IST" duration-ms="11" status="PASS">
          <reporter-output>
          </reporter-output>
        </test-method> <!-- mobileLogincarLoan -->
        <test-method is-config="true" signature="afterMethod()[pri:0, instance:test.Day3@1a942c18]" started-at="2024-08-20T18:46:21 IST" name="afterMethod" finished-at="2024-08-20T18:46:21 IST" duration-ms="0" status="PASS">
          <reporter-output>
          </reporter-output>
        </test-method> <!-- afterMethod -->
        <test-method is-config="true" signature="beforeMethod()[pri:0, instance:test.Day3@1a942c18]" started-at="2024-08-20T18:46:21 IST" name="beforeMethod" finished-at="2024-08-20T18:46:21 IST" duration-ms="0" status="PASS">
          <reporter-output>
          </reporter-output>
        </test-method> <!-- beforeMethod -->
        <test-method signature="mobileSignINcarLoan()[pri:0, instance:test.Day3@1a942c18]" started-at="2024-08-20T18:46:21 IST" name="mobileSignINcarLoan" finished-at="2024-08-20T18:46:21 IST" duration-ms="3" status="PASS">
          <reporter-output>
          </reporter-output>
        </test-method> <!-- mobileSignINcarLoan -->
        <test-method is-config="true" signature="afterMethod()[pri:0, instance:test.Day3@1a942c18]" started-at="2024-08-20T18:46:21 IST" name="afterMethod" finished-at="2024-08-20T18:46:21 IST" duration-ms="0" status="PASS">
          <reporter-output>
          </reporter-output>
        </test-method> <!-- afterMethod -->
        <test-method is-config="true" signature="beforeMethod()[pri:0, instance:test.Day3@1a942c18]" started-at="2024-08-20T18:46:21 IST" name="beforeMethod" finished-at="2024-08-20T18:46:21 IST" duration-ms="0" status="PASS">
          <reporter-output>
          </reporter-output>
        </test-method> <!-- beforeMethod -->
        <test-method signature="mobileSignOUTcarLoan(java.lang.String,java.lang.String)[pri:0, instance:test.Day3@1a942c18]" started-at="2024-08-20T18:46:21 IST" name="mobileSignOUTcarLoan" data-provider="getData" finished-at="2024-08-20T18:46:21 IST" duration-ms="8" status="PASS">
          <params>
            <param index="0">
              <value>
                <![CDATA[FirstSetUserName]]>
              </value>
            </param>
            <param index="1">
              <value>
                <![CDATA[FirstSetPassword]]>
              </value>
            </param>
          </params>
          <reporter-output>
          </reporter-output>
        </test-method> <!-- mobileSignOUTcarLoan -->
        <test-method is-config="true" signature="afterMethod()[pri:0, instance:test.Day3@1a942c18]" started-at="2024-08-20T18:46:21 IST" name="afterMethod" finished-at="2024-08-20T18:46:21 IST" duration-ms="0" status="PASS">
          <reporter-output>
          </reporter-output>
        </test-method> <!-- afterMethod -->
        <test-method is-config="true" signature="beforeMethod()[pri:0, instance:test.Day3@1a942c18]" started-at="2024-08-20T18:46:21 IST" name="beforeMethod" finished-at="2024-08-20T18:46:21 IST" duration-ms="0" status="PASS">
          <reporter-output>
          </reporter-output>
        </test-method> <!-- beforeMethod -->
        <test-method signature="mobileSignOUTcarLoan(java.lang.String,java.lang.String)[pri:0, instance:test.Day3@1a942c18]" started-at="2024-08-20T18:46:21 IST" name="mobileSignOUTcarLoan" data-provider="getData" finished-at="2024-08-20T18:46:21 IST" duration-ms="2" status="PASS">
          <params>
            <param index="0">
              <value>
                <![CDATA[SecondSetUserName]]>
              </value>
            </param>
            <param index="1">
              <value>
                <![CDATA[SecondPassword]]>
              </value>
            </param>
          </params>
          <reporter-output>
          </reporter-output>
        </test-method> <!-- mobileSignOUTcarLoan -->
        <test-method is-config="true" signature="afterMethod()[pri:0, instance:test.Day3@1a942c18]" started-at="2024-08-20T18:46:21 IST" name="afterMethod" finished-at="2024-08-20T18:46:21 IST" duration-ms="1" status="PASS">
          <reporter-output>
          </reporter-output>
        </test-method> <!-- afterMethod -->
        <test-method signature="mobileSignOUTcarLoan(java.lang.String,java.lang.String)[pri:0, instance:test.Day3@1a942c18]" started-at="2024-08-20T18:46:21 IST" name="mobileSignOUTcarLoan" data-provider="getData" finished-at="2024-08-20T18:46:21 IST" duration-ms="2" status="PASS">
          <params>
            <param index="0">
              <value>
                <![CDATA[ThirdSetUserName]]>
              </value>
            </param>
            <param index="1">
              <value>
                <![CDATA[ThirdPassword]]>
              </value>
            </param>
          </params>
          <reporter-output>
          </reporter-output>
        </test-method> <!-- mobileSignOUTcarLoan -->
        <test-method is-config="true" signature="beforeMethod()[pri:0, instance:test.Day3@1a942c18]" started-at="2024-08-20T18:46:21 IST" name="beforeMethod" finished-at="2024-08-20T18:46:21 IST" duration-ms="0" status="PASS">
          <reporter-output>
          </reporter-output>
        </test-method> <!-- beforeMethod -->
        <test-method is-config="true" signature="afterMethod()[pri:0, instance:test.Day3@1a942c18]" started-at="2024-08-20T18:46:21 IST" name="afterMethod" finished-at="2024-08-20T18:46:21 IST" duration-ms="1" status="PASS">
          <reporter-output>
          </reporter-output>
        </test-method> <!-- afterMethod -->
        <test-method is-config="true" signature="beforeMethod()[pri:0, instance:test.Day3@1a942c18]" started-at="2024-08-20T18:46:21 IST" name="beforeMethod" finished-at="2024-08-20T18:46:21 IST" duration-ms="1" status="PASS">
          <reporter-output>
          </reporter-output>
        </test-method> <!-- beforeMethod -->
        <test-method signature="weblogincarLoan(java.lang.String,java.lang.String)[pri:0, instance:test.Day3@1a942c18]" started-at="2024-08-20T18:46:21 IST" name="weblogincarLoan" finished-at="2024-08-20T18:46:21 IST" duration-ms="2" status="PASS">
          <params>
            <param index="0">
              <value>
                <![CDATA[carLone.com]]>
              </value>
            </param>
            <param index="1">
              <value>
                <![CDATA[123456]]>
              </value>
            </param>
          </params>
          <reporter-output>
          </reporter-output>
        </test-method> <!-- weblogincarLoan -->
        <test-method is-config="true" signature="afterMethod()[pri:0, instance:test.Day3@1a942c18]" started-at="2024-08-20T18:46:21 IST" name="afterMethod" finished-at="2024-08-20T18:46:21 IST" duration-ms="0" status="PASS">
          <reporter-output>
          </reporter-output>
        </test-method> <!-- afterMethod -->
        <test-method is-config="true" signature="afterClass()[pri:0, instance:test.Day3@1a942c18]" started-at="2024-08-20T18:46:21 IST" name="afterClass" finished-at="2024-08-20T18:46:21 IST" duration-ms="0" status="PASS">
          <reporter-output>
          </reporter-output>
        </test-method> <!-- afterClass -->
      </class> <!-- test.Day3 -->
    </test> <!-- Car loan -->
    <test started-at="2024-08-20T18:46:21 IST" name="Personal Loan" finished-at="2024-08-20T18:46:21 IST" duration-ms="77">
      <class name="test.Day1">
        <test-method signature="Test1()[pri:0, instance:test.Day1@194bcebf]" started-at="2024-08-20T18:46:21 IST" name="Test1" finished-at="2024-08-20T18:46:21 IST" duration-ms="17" status="FAIL">
          <exception class="java.lang.AssertionError">
            <message>
              <![CDATA[expected [true] but found [false]]]>
            </message>
            <full-stacktrace>
              <![CDATA[java.lang.AssertionError: expected [true] but found [false]
at org.testng.Assert.fail(Assert.java:99)
at org.testng.Assert.failNotEquals(Assert.java:1037)
at org.testng.Assert.assertTrue(Assert.java:45)
at org.testng.Assert.assertTrue(Assert.java:55)
at test.Day1.Test1(Day1.java:32)
at java.base/jdk.internal.reflect.DirectMethodHandleAccessor.invoke(DirectMethodHandleAccessor.java:103)
at java.base/java.lang.reflect.Method.invoke(Method.java:580)
at org.testng.internal.MethodInvocationHelper.invokeMethod(MethodInvocationHelper.java:133)
at org.testng.internal.TestInvoker.invokeMethod(TestInvoker.java:598)
at org.testng.internal.TestInvoker.invokeTestMethod(TestInvoker.java:173)
at org.testng.internal.MethodRunner.runInSequence(MethodRunner.java:46)
at org.testng.internal.TestInvoker$MethodInvocationAgent.invoke(TestInvoker.java:824)
at org.testng.internal.TestInvoker.invokeTestMethods(TestInvoker.java:146)
at org.testng.internal.TestMethodWorker.invokeTestMethods(TestMethodWorker.java:146)
at org.testng.internal.TestMethodWorker.run(TestMethodWorker.java:128)
at java.base/java.util.ArrayList.forEach(ArrayList.java:1597)
at org.testng.TestRunner.privateRun(TestRunner.java:794)
at org.testng.TestRunner.run(TestRunner.java:596)
at org.testng.SuiteRunner.runTest(SuiteRunner.java:377)
at org.testng.SuiteRunner.access$000(SuiteRunner.java:28)
at org.testng.SuiteRunner$SuiteWorker.run(SuiteRunner.java:418)
at org.testng.internal.thread.ThreadUtil.lambda$execute$0(ThreadUtil.java:64)
at java.base/java.util.concurrent.FutureTask.run(FutureTask.java:317)
at java.base/java.util.concurrent.ThreadPoolExecutor.runWorker(ThreadPoolExecutor.java:1144)
at java.base/java.util.concurrent.ThreadPoolExecutor$Worker.run(ThreadPoolExecutor.java:642)
at java.base/java.lang.Thread.run(Thread.java:1570)
]]>
            </full-stacktrace>
          </exception> <!-- java.lang.AssertionError -->
          <reporter-output>
          </reporter-output>
        </test-method> <!-- Test1 -->
        <test-method is-config="true" signature="lastexecution()[pri:0, instance:test.Day1@194bcebf]" started-at="2024-08-20T18:46:21 IST" name="lastexecution" finished-at="2024-08-20T18:46:21 IST" duration-ms="0" status="PASS">
          <reporter-output>
          </reporter-output>
        </test-method> <!-- lastexecution -->
      </class> <!-- test.Day1 -->
      <class name="test.Day2">
        <test-method is-config="true" signature="prerequest()[pri:0, instance:test.Day2@1de5f259]" started-at="2024-08-20T18:46:21 IST" name="prerequest" finished-at="2024-08-20T18:46:21 IST" duration-ms="1" status="PASS">
          <reporter-output>
          </reporter-output>
        </test-method> <!-- prerequest -->
        <test-method signature="personalLoan()[pri:0, instance:test.Day2@1de5f259]" started-at="2024-08-20T18:46:21 IST" name="personalLoan" finished-at="2024-08-20T18:46:21 IST" duration-ms="2" status="PASS">
          <reporter-output>
          </reporter-output>
        </test-method> <!-- personalLoan -->
      </class> <!-- test.Day2 -->
      <class name="test.Day4">
        <test-method signature="LoginAPIHomeLoan()[pri:0, instance:test.Day4@729d991e]" started-at="2024-08-20T18:46:21 IST" name="LoginAPIHomeLoan" finished-at="2024-08-20T18:46:21 IST" duration-ms="2" status="PASS">
          <reporter-output>
          </reporter-output>
        </test-method> <!-- LoginAPIHomeLoan -->
        <test-method signature="mobileLoginHomeLoan()[pri:0, instance:test.Day4@729d991e]" started-at="2024-08-20T18:46:21 IST" name="mobileLoginHomeLoan" finished-at="2024-08-20T18:46:21 IST" duration-ms="2" status="PASS">
          <reporter-output>
          </reporter-output>
        </test-method> <!-- mobileLoginHomeLoan -->
        <test-method signature="webloginHomeLoan()[pri:0, instance:test.Day4@729d991e]" started-at="2024-08-20T18:46:21 IST" name="webloginHomeLoan" finished-at="2024-08-20T18:46:21 IST" duration-ms="1" status="PASS">
          <reporter-output>
          </reporter-output>
        </test-method> <!-- webloginHomeLoan -->
      </class> <!-- test.Day4 -->
    </test> <!-- Personal Loan -->
  </suite> <!-- Loan Department -->
</testng-results>
